<?xml version="1.0" encoding="UTF-8"?>
<testng-results ignored="0" total="109" passed="109" failed="0" skipped="0">
  <reporter-output>
  </reporter-output>
  <suite started-at="2024-08-01T21:30:38 EDT" name="Default suite" finished-at="2024-08-01T21:47:15 EDT" duration-ms="997361">
    <groups>
      <group name="cucumber">
        <method signature="AbstractTestNGCucumberTests.runScenario(io.cucumber.testng.PickleWrapper,io.cucumber.testng.FeatureWrapper)[pri:0, instance:runner.testrunner@5b1ebf56]" name="runScenario" class="io.cucumber.testng.AbstractTestNGCucumberTests"/>
      </group> <!-- cucumber -->
    </groups>
    <test started-at="2024-08-01T21:30:38 EDT" name="Default test" finished-at="2024-08-01T21:47:15 EDT" duration-ms="997361">
      <class name="runner.testrunner">
        <test-method is-config="true" signature="beforeTest(java.lang.String)[pri:0, instance:runner.testrunner@5b1ebf56]" started-at="2024-08-01T21:30:38 EDT" name="beforeTest" finished-at="2024-08-01T21:30:38 EDT" duration-ms="132" status="PASS">
          <params>
            <param index="0">
              <value>
                <![CDATA[chrome]]>
              </value>
            </param>
          </params>
          <reporter-output>
          </reporter-output>
        </test-method> <!-- beforeTest -->
        <test-method is-config="true" signature="setUpClass(org.testng.ITestContext)[pri:0, instance:runner.testrunner@5b1ebf56]" started-at="2024-08-01T21:30:38 EDT" name="setUpClass" finished-at="2024-08-01T21:30:41 EDT" duration-ms="3223" status="PASS">
          <params>
            <param index="0">
              <value>
                <![CDATA[org.testng.TestRunner@4bf8d984]]>
              </value>
            </param>
          </params>
          <reporter-output>
          </reporter-output>
        </test-method> <!-- setUpClass -->
        <test-method signature="runScenario(io.cucumber.testng.PickleWrapper,io.cucumber.testng.FeatureWrapper)[pri:0, instance:runner.testrunner@5b1ebf56]" started-at="2024-08-01T21:30:41 EDT" name="runScenario" description="Runs Cucumber Scenarios" data-provider="scenarios" finished-at="2024-08-01T21:31:04 EDT" duration-ms="22658" status="PASS">
          <params>
            <param index="0">
              <value>
                <![CDATA["Array in DSAlgo homepage"]]>
              </value>
            </param>
            <param index="1">
              <value>
                <![CDATA["Array Home Page Functionality"]]>
              </value>
            </param>
          </params>
          <reporter-output>
          </reporter-output>
        </test-method> <!-- runScenario -->
        <test-method signature="runScenario(io.cucumber.testng.PickleWrapper,io.cucumber.testng.FeatureWrapper)[pri:0, instance:runner.testrunner@5b1ebf56]" started-at="2024-08-01T21:31:04 EDT" name="runScenario" description="Runs Cucumber Scenarios" data-provider="scenarios" finished-at="2024-08-01T21:31:17 EDT" duration-ms="12602" status="PASS">
          <params>
            <param index="0">
              <value>
                <![CDATA["Array in DSAlgo homepage"]]>
              </value>
            </param>
            <param index="1">
              <value>
                <![CDATA["Array Home Page Functionality"]]>
              </value>
            </param>
          </params>
          <reporter-output>
          </reporter-output>
        </test-method> <!-- runScenario -->
        <test-method signature="runScenario(io.cucumber.testng.PickleWrapper,io.cucumber.testng.FeatureWrapper)[pri:0, instance:runner.testrunner@5b1ebf56]" started-at="2024-08-01T21:31:17 EDT" name="runScenario" description="Runs Cucumber Scenarios" data-provider="scenarios" finished-at="2024-08-01T21:31:28 EDT" duration-ms="11286" status="PASS">
          <params>
            <param index="0">
              <value>
                <![CDATA["Array using List page"]]>
              </value>
            </param>
            <param index="1">
              <value>
                <![CDATA["Array Home Page Functionality"]]>
              </value>
            </param>
          </params>
          <reporter-output>
          </reporter-output>
        </test-method> <!-- runScenario -->
        <test-method signature="runScenario(io.cucumber.testng.PickleWrapper,io.cucumber.testng.FeatureWrapper)[pri:0, instance:runner.testrunner@5b1ebf56]" started-at="2024-08-01T21:31:28 EDT" name="runScenario" description="Runs Cucumber Scenarios" data-provider="scenarios" finished-at="2024-08-01T21:31:40 EDT" duration-ms="12070" status="PASS">
          <params>
            <param index="0">
              <value>
                <![CDATA["Array using List page"]]>
              </value>
            </param>
            <param index="1">
              <value>
                <![CDATA["Array Home Page Functionality"]]>
              </value>
            </param>
          </params>
          <reporter-output>
          </reporter-output>
        </test-method> <!-- runScenario -->
        <test-method signature="runScenario(io.cucumber.testng.PickleWrapper,io.cucumber.testng.FeatureWrapper)[pri:0, instance:runner.testrunner@5b1ebf56]" started-at="2024-08-01T21:31:40 EDT" name="runScenario" description="Runs Cucumber Scenarios" data-provider="scenarios" finished-at="2024-08-01T21:31:52 EDT" duration-ms="11722" status="PASS">
          <params>
            <param index="0">
              <value>
                <![CDATA["Basic operations List page"]]>
              </value>
            </param>
            <param index="1">
              <value>
                <![CDATA["Array Home Page Functionality"]]>
              </value>
            </param>
          </params>
          <reporter-output>
          </reporter-output>
        </test-method> <!-- runScenario -->
        <test-method signature="runScenario(io.cucumber.testng.PickleWrapper,io.cucumber.testng.FeatureWrapper)[pri:0, instance:runner.testrunner@5b1ebf56]" started-at="2024-08-01T21:31:52 EDT" name="runScenario" description="Runs Cucumber Scenarios" data-provider="scenarios" finished-at="2024-08-01T21:32:04 EDT" duration-ms="12598" status="PASS">
          <params>
            <param index="0">
              <value>
                <![CDATA["Basic operations List page"]]>
              </value>
            </param>
            <param index="1">
              <value>
                <![CDATA["Array Home Page Functionality"]]>
              </value>
            </param>
          </params>
          <reporter-output>
          </reporter-output>
        </test-method> <!-- runScenario -->
        <test-method signature="runScenario(io.cucumber.testng.PickleWrapper,io.cucumber.testng.FeatureWrapper)[pri:0, instance:runner.testrunner@5b1ebf56]" started-at="2024-08-01T21:32:04 EDT" name="runScenario" description="Runs Cucumber Scenarios" data-provider="scenarios" finished-at="2024-08-01T21:32:16 EDT" duration-ms="11393" status="PASS">
          <params>
            <param index="0">
              <value>
                <![CDATA["Application of arraay page"]]>
              </value>
            </param>
            <param index="1">
              <value>
                <![CDATA["Array Home Page Functionality"]]>
              </value>
            </param>
          </params>
          <reporter-output>
          </reporter-output>
        </test-method> <!-- runScenario -->
        <test-method signature="runScenario(io.cucumber.testng.PickleWrapper,io.cucumber.testng.FeatureWrapper)[pri:0, instance:runner.testrunner@5b1ebf56]" started-at="2024-08-01T21:32:16 EDT" name="runScenario" description="Runs Cucumber Scenarios" data-provider="scenarios" finished-at="2024-08-01T21:32:26 EDT" duration-ms="10452" status="PASS">
          <params>
            <param index="0">
              <value>
                <![CDATA["Application of arraay page"]]>
              </value>
            </param>
            <param index="1">
              <value>
                <![CDATA["Array Home Page Functionality"]]>
              </value>
            </param>
          </params>
          <reporter-output>
          </reporter-output>
        </test-method> <!-- runScenario -->
        <test-method signature="runScenario(io.cucumber.testng.PickleWrapper,io.cucumber.testng.FeatureWrapper)[pri:0, instance:runner.testrunner@5b1ebf56]" started-at="2024-08-01T21:32:26 EDT" name="runScenario" description="Runs Cucumber Scenarios" data-provider="scenarios" finished-at="2024-08-01T21:32:35 EDT" duration-ms="8845" status="PASS">
          <params>
            <param index="0">
              <value>
                <![CDATA["practice question page"]]>
              </value>
            </param>
            <param index="1">
              <value>
                <![CDATA["Array Home Page Functionality"]]>
              </value>
            </param>
          </params>
          <reporter-output>
          </reporter-output>
        </test-method> <!-- runScenario -->
        <test-method signature="runScenario(io.cucumber.testng.PickleWrapper,io.cucumber.testng.FeatureWrapper)[pri:0, instance:runner.testrunner@5b1ebf56]" started-at="2024-08-01T21:32:35 EDT" name="runScenario" description="Runs Cucumber Scenarios" data-provider="scenarios" finished-at="2024-08-01T21:32:44 EDT" duration-ms="9073" status="PASS">
          <params>
            <param index="0">
              <value>
                <![CDATA["practice question page"]]>
              </value>
            </param>
            <param index="1">
              <value>
                <![CDATA["Array Home Page Functionality"]]>
              </value>
            </param>
          </params>
          <reporter-output>
          </reporter-output>
        </test-method> <!-- runScenario -->
        <test-method signature="runScenario(io.cucumber.testng.PickleWrapper,io.cucumber.testng.FeatureWrapper)[pri:0, instance:runner.testrunner@5b1ebf56]" started-at="2024-08-01T21:32:44 EDT" name="runScenario" description="Runs Cucumber Scenarios" data-provider="scenarios" finished-at="2024-08-01T21:32:53 EDT" duration-ms="9073" status="PASS">
          <params>
            <param index="0">
              <value>
                <![CDATA["practice page"]]>
              </value>
            </param>
            <param index="1">
              <value>
                <![CDATA["Array Home Page Functionality"]]>
              </value>
            </param>
          </params>
          <reporter-output>
          </reporter-output>
        </test-method> <!-- runScenario -->
        <test-method signature="runScenario(io.cucumber.testng.PickleWrapper,io.cucumber.testng.FeatureWrapper)[pri:0, instance:runner.testrunner@5b1ebf56]" started-at="2024-08-01T21:32:53 EDT" name="runScenario" description="Runs Cucumber Scenarios" data-provider="scenarios" finished-at="2024-08-01T21:33:03 EDT" duration-ms="9515" status="PASS">
          <params>
            <param index="0">
              <value>
                <![CDATA["practice page"]]>
              </value>
            </param>
            <param index="1">
              <value>
                <![CDATA["Array Home Page Functionality"]]>
              </value>
            </param>
          </params>
          <reporter-output>
          </reporter-output>
        </test-method> <!-- runScenario -->
        <test-method signature="runScenario(io.cucumber.testng.PickleWrapper,io.cucumber.testng.FeatureWrapper)[pri:0, instance:runner.testrunner@5b1ebf56]" started-at="2024-08-01T21:33:03 EDT" name="runScenario" description="Runs Cucumber Scenarios" data-provider="scenarios" finished-at="2024-08-01T21:33:12 EDT" duration-ms="9254" status="PASS">
          <params>
            <param index="0">
              <value>
                <![CDATA["practice page find number"]]>
              </value>
            </param>
            <param index="1">
              <value>
                <![CDATA["Array Home Page Functionality"]]>
              </value>
            </param>
          </params>
          <reporter-output>
          </reporter-output>
        </test-method> <!-- runScenario -->
        <test-method signature="runScenario(io.cucumber.testng.PickleWrapper,io.cucumber.testng.FeatureWrapper)[pri:0, instance:runner.testrunner@5b1ebf56]" started-at="2024-08-01T21:33:12 EDT" name="runScenario" description="Runs Cucumber Scenarios" data-provider="scenarios" finished-at="2024-08-01T21:33:21 EDT" duration-ms="9431" status="PASS">
          <params>
            <param index="0">
              <value>
                <![CDATA["practice page find number"]]>
              </value>
            </param>
            <param index="1">
              <value>
                <![CDATA["Array Home Page Functionality"]]>
              </value>
            </param>
          </params>
          <reporter-output>
          </reporter-output>
        </test-method> <!-- runScenario -->
        <test-method signature="runScenario(io.cucumber.testng.PickleWrapper,io.cucumber.testng.FeatureWrapper)[pri:0, instance:runner.testrunner@5b1ebf56]" started-at="2024-08-01T21:33:21 EDT" name="runScenario" description="Runs Cucumber Scenarios" data-provider="scenarios" finished-at="2024-08-01T21:33:31 EDT" duration-ms="9613" status="PASS">
          <params>
            <param index="0">
              <value>
                <![CDATA["practice page square"]]>
              </value>
            </param>
            <param index="1">
              <value>
                <![CDATA["Array Home Page Functionality"]]>
              </value>
            </param>
          </params>
          <reporter-output>
          </reporter-output>
        </test-method> <!-- runScenario -->
        <test-method signature="runScenario(io.cucumber.testng.PickleWrapper,io.cucumber.testng.FeatureWrapper)[pri:0, instance:runner.testrunner@5b1ebf56]" started-at="2024-08-01T21:33:31 EDT" name="runScenario" description="Runs Cucumber Scenarios" data-provider="scenarios" finished-at="2024-08-01T21:33:40 EDT" duration-ms="9318" status="PASS">
          <params>
            <param index="0">
              <value>
                <![CDATA["practice page square"]]>
              </value>
            </param>
            <param index="1">
              <value>
                <![CDATA["Array Home Page Functionality"]]>
              </value>
            </param>
          </params>
          <reporter-output>
          </reporter-output>
        </test-method> <!-- runScenario -->
        <test-method signature="runScenario(io.cucumber.testng.PickleWrapper,io.cucumber.testng.FeatureWrapper)[pri:0, instance:runner.testrunner@5b1ebf56]" started-at="2024-08-01T21:33:40 EDT" name="runScenario" description="Runs Cucumber Scenarios" data-provider="scenarios" finished-at="2024-08-01T21:33:48 EDT" duration-ms="7848" status="PASS">
          <params>
            <param index="0">
              <value>
                <![CDATA["DataStructure Home Page functionalities"]]>
              </value>
            </param>
            <param index="1">
              <value>
                <![CDATA["DataStructure Page"]]>
              </value>
            </param>
          </params>
          <reporter-output>
          </reporter-output>
        </test-method> <!-- runScenario -->
        <test-method signature="runScenario(io.cucumber.testng.PickleWrapper,io.cucumber.testng.FeatureWrapper)[pri:0, instance:runner.testrunner@5b1ebf56]" started-at="2024-08-01T21:33:48 EDT" name="runScenario" description="Runs Cucumber Scenarios" data-provider="scenarios" finished-at="2024-08-01T21:34:00 EDT" duration-ms="12175" status="PASS">
          <params>
            <param index="0">
              <value>
                <![CDATA["Time complexity page"]]>
              </value>
            </param>
            <param index="1">
              <value>
                <![CDATA["DataStructure Page"]]>
              </value>
            </param>
          </params>
          <reporter-output>
          </reporter-output>
        </test-method> <!-- runScenario -->
        <test-method signature="runScenario(io.cucumber.testng.PickleWrapper,io.cucumber.testng.FeatureWrapper)[pri:0, instance:runner.testrunner@5b1ebf56]" started-at="2024-08-01T21:34:00 EDT" name="runScenario" description="Runs Cucumber Scenarios" data-provider="scenarios" finished-at="2024-08-01T21:34:10 EDT" duration-ms="9088" status="PASS">
          <params>
            <param index="0">
              <value>
                <![CDATA["Time complexity invalid page"]]>
              </value>
            </param>
            <param index="1">
              <value>
                <![CDATA["DataStructure Page"]]>
              </value>
            </param>
          </params>
          <reporter-output>
          </reporter-output>
        </test-method> <!-- runScenario -->
        <test-method signature="runScenario(io.cucumber.testng.PickleWrapper,io.cucumber.testng.FeatureWrapper)[pri:0, instance:runner.testrunner@5b1ebf56]" started-at="2024-08-01T21:34:10 EDT" name="runScenario" description="Runs Cucumber Scenarios" data-provider="scenarios" finished-at="2024-08-01T21:34:19 EDT" duration-ms="9382" status="PASS">
          <params>
            <param index="0">
              <value>
                <![CDATA["Time complexity invalid page"]]>
              </value>
            </param>
            <param index="1">
              <value>
                <![CDATA["DataStructure Page"]]>
              </value>
            </param>
          </params>
          <reporter-output>
          </reporter-output>
        </test-method> <!-- runScenario -->
        <test-method signature="runScenario(io.cucumber.testng.PickleWrapper,io.cucumber.testng.FeatureWrapper)[pri:0, instance:runner.testrunner@5b1ebf56]" started-at="2024-08-01T21:34:19 EDT" name="runScenario" description="Runs Cucumber Scenarios" data-provider="scenarios" finished-at="2024-08-01T21:34:27 EDT" duration-ms="7939" status="PASS">
          <params>
            <param index="0">
              <value>
                <![CDATA["Time complexity valid page"]]>
              </value>
            </param>
            <param index="1">
              <value>
                <![CDATA["DataStructure Page"]]>
              </value>
            </param>
          </params>
          <reporter-output>
          </reporter-output>
        </test-method> <!-- runScenario -->
        <test-method signature="runScenario(io.cucumber.testng.PickleWrapper,io.cucumber.testng.FeatureWrapper)[pri:0, instance:runner.testrunner@5b1ebf56]" started-at="2024-08-01T21:34:27 EDT" name="runScenario" description="Runs Cucumber Scenarios" data-provider="scenarios" finished-at="2024-08-01T21:34:32 EDT" duration-ms="5557" status="PASS">
          <params>
            <param index="0">
              <value>
                <![CDATA["User on login page and login with invalid and valid inputs from Excel "Sheet1" and"]]>
              </value>
            </param>
            <param index="1">
              <value>
                <![CDATA["Signin functionality"]]>
              </value>
            </param>
          </params>
          <reporter-output>
          </reporter-output>
        </test-method> <!-- runScenario -->
        <test-method signature="runScenario(io.cucumber.testng.PickleWrapper,io.cucumber.testng.FeatureWrapper)[pri:0, instance:runner.testrunner@5b1ebf56]" started-at="2024-08-01T21:34:32 EDT" name="runScenario" description="Runs Cucumber Scenarios" data-provider="scenarios" finished-at="2024-08-01T21:34:38 EDT" duration-ms="5488" status="PASS">
          <params>
            <param index="0">
              <value>
                <![CDATA["User on login page and login with invalid and valid inputs from Excel "Sheet1" and"]]>
              </value>
            </param>
            <param index="1">
              <value>
                <![CDATA["Signin functionality"]]>
              </value>
            </param>
          </params>
          <reporter-output>
          </reporter-output>
        </test-method> <!-- runScenario -->
        <test-method signature="runScenario(io.cucumber.testng.PickleWrapper,io.cucumber.testng.FeatureWrapper)[pri:0, instance:runner.testrunner@5b1ebf56]" started-at="2024-08-01T21:34:38 EDT" name="runScenario" description="Runs Cucumber Scenarios" data-provider="scenarios" finished-at="2024-08-01T21:34:43 EDT" duration-ms="5192" status="PASS">
          <params>
            <param index="0">
              <value>
                <![CDATA["User on login page and login with invalid and valid inputs from Excel "Sheet1" and"]]>
              </value>
            </param>
            <param index="1">
              <value>
                <![CDATA["Signin functionality"]]>
              </value>
            </param>
          </params>
          <reporter-output>
          </reporter-output>
        </test-method> <!-- runScenario -->
        <test-method signature="runScenario(io.cucumber.testng.PickleWrapper,io.cucumber.testng.FeatureWrapper)[pri:0, instance:runner.testrunner@5b1ebf56]" started-at="2024-08-01T21:34:43 EDT" name="runScenario" description="Runs Cucumber Scenarios" data-provider="scenarios" finished-at="2024-08-01T21:34:48 EDT" duration-ms="4963" status="PASS">
          <params>
            <param index="0">
              <value>
                <![CDATA["User on login page and login with invalid and valid inputs from Excel "Sheet1" and"]]>
              </value>
            </param>
            <param index="1">
              <value>
                <![CDATA["Signin functionality"]]>
              </value>
            </param>
          </params>
          <reporter-output>
          </reporter-output>
        </test-method> <!-- runScenario -->
        <test-method signature="runScenario(io.cucumber.testng.PickleWrapper,io.cucumber.testng.FeatureWrapper)[pri:0, instance:runner.testrunner@5b1ebf56]" started-at="2024-08-01T21:34:48 EDT" name="runScenario" description="Runs Cucumber Scenarios" data-provider="scenarios" finished-at="2024-08-01T21:34:59 EDT" duration-ms="10548" status="PASS">
          <params>
            <param index="0">
              <value>
                <![CDATA["Graph home page functionality"]]>
              </value>
            </param>
            <param index="1">
              <value>
                <![CDATA["Graph Page Functionality"]]>
              </value>
            </param>
          </params>
          <reporter-output>
          </reporter-output>
        </test-method> <!-- runScenario -->
        <test-method signature="runScenario(io.cucumber.testng.PickleWrapper,io.cucumber.testng.FeatureWrapper)[pri:0, instance:runner.testrunner@5b1ebf56]" started-at="2024-08-01T21:34:59 EDT" name="runScenario" description="Runs Cucumber Scenarios" data-provider="scenarios" finished-at="2024-08-01T21:35:09 EDT" duration-ms="10751" status="PASS">
          <params>
            <param index="0">
              <value>
                <![CDATA["Graph home page functionality"]]>
              </value>
            </param>
            <param index="1">
              <value>
                <![CDATA["Graph Page Functionality"]]>
              </value>
            </param>
          </params>
          <reporter-output>
          </reporter-output>
        </test-method> <!-- runScenario -->
        <test-method signature="runScenario(io.cucumber.testng.PickleWrapper,io.cucumber.testng.FeatureWrapper)[pri:0, instance:runner.testrunner@5b1ebf56]" started-at="2024-08-01T21:35:09 EDT" name="runScenario" description="Runs Cucumber Scenarios" data-provider="scenarios" finished-at="2024-08-01T21:35:28 EDT" duration-ms="18119" status="PASS">
          <params>
            <param index="0">
              <value>
                <![CDATA["GraphRepresentations page functionality"]]>
              </value>
            </param>
            <param index="1">
              <value>
                <![CDATA["Graph Page Functionality"]]>
              </value>
            </param>
          </params>
          <reporter-output>
          </reporter-output>
        </test-method> <!-- runScenario -->
        <test-method signature="runScenario(io.cucumber.testng.PickleWrapper,io.cucumber.testng.FeatureWrapper)[pri:0, instance:runner.testrunner@5b1ebf56]" started-at="2024-08-01T21:35:28 EDT" name="runScenario" description="Runs Cucumber Scenarios" data-provider="scenarios" finished-at="2024-08-01T21:35:46 EDT" duration-ms="18631" status="PASS">
          <params>
            <param index="0">
              <value>
                <![CDATA["GraphRepresentations page functionality"]]>
              </value>
            </param>
            <param index="1">
              <value>
                <![CDATA["Graph Page Functionality"]]>
              </value>
            </param>
          </params>
          <reporter-output>
          </reporter-output>
        </test-method> <!-- runScenario -->
        <test-method signature="runScenario(io.cucumber.testng.PickleWrapper,io.cucumber.testng.FeatureWrapper)[pri:0, instance:runner.testrunner@5b1ebf56]" started-at="2024-08-01T21:35:46 EDT" name="runScenario" description="Runs Cucumber Scenarios" data-provider="scenarios" finished-at="2024-08-01T21:35:52 EDT" duration-ms="6191" status="PASS">
          <params>
            <param index="0">
              <value>
                <![CDATA["Graph practice page"]]>
              </value>
            </param>
            <param index="1">
              <value>
                <![CDATA["Graph Page Functionality"]]>
              </value>
            </param>
          </params>
          <reporter-output>
          </reporter-output>
        </test-method> <!-- runScenario -->
        <test-method signature="runScenario(io.cucumber.testng.PickleWrapper,io.cucumber.testng.FeatureWrapper)[pri:0, instance:runner.testrunner@5b1ebf56]" started-at="2024-08-01T21:35:52 EDT" name="runScenario" description="Runs Cucumber Scenarios" data-provider="scenarios" finished-at="2024-08-01T21:36:06 EDT" duration-ms="13890" status="PASS">
          <params>
            <param index="0">
              <value>
                <![CDATA["DS Algo home browser page"]]>
              </value>
            </param>
            <param index="1">
              <value>
                <![CDATA["Home browser page functionality"]]>
              </value>
            </param>
          </params>
          <reporter-output>
          </reporter-output>
        </test-method> <!-- runScenario -->
        <test-method signature="runScenario(io.cucumber.testng.PickleWrapper,io.cucumber.testng.FeatureWrapper)[pri:0, instance:runner.testrunner@5b1ebf56]" started-at="2024-08-01T21:36:06 EDT" name="runScenario" description="Runs Cucumber Scenarios" data-provider="scenarios" finished-at="2024-08-01T21:36:13 EDT" duration-ms="7183" status="PASS">
          <params>
            <param index="0">
              <value>
                <![CDATA["LinkedList page"]]>
              </value>
            </param>
            <param index="1">
              <value>
                <![CDATA["Linked List Functionality"]]>
              </value>
            </param>
          </params>
          <reporter-output>
          </reporter-output>
        </test-method> <!-- runScenario -->
        <test-method signature="runScenario(io.cucumber.testng.PickleWrapper,io.cucumber.testng.FeatureWrapper)[pri:0, instance:runner.testrunner@5b1ebf56]" started-at="2024-08-01T21:36:13 EDT" name="runScenario" description="Runs Cucumber Scenarios" data-provider="scenarios" finished-at="2024-08-01T21:36:20 EDT" duration-ms="6404" status="PASS">
          <params>
            <param index="0">
              <value>
                <![CDATA["User in Linkedlist page"]]>
              </value>
            </param>
            <param index="1">
              <value>
                <![CDATA["Linked List Functionality"]]>
              </value>
            </param>
          </params>
          <reporter-output>
          </reporter-output>
        </test-method> <!-- runScenario -->
        <test-method signature="runScenario(io.cucumber.testng.PickleWrapper,io.cucumber.testng.FeatureWrapper)[pri:0, instance:runner.testrunner@5b1ebf56]" started-at="2024-08-01T21:36:20 EDT" name="runScenario" description="Runs Cucumber Scenarios" data-provider="scenarios" finished-at="2024-08-01T21:36:29 EDT" duration-ms="9418" status="PASS">
          <params>
            <param index="0">
              <value>
                <![CDATA["User in Introdution page"]]>
              </value>
            </param>
            <param index="1">
              <value>
                <![CDATA["Linked List Functionality"]]>
              </value>
            </param>
          </params>
          <reporter-output>
          </reporter-output>
        </test-method> <!-- runScenario -->
        <test-method signature="runScenario(io.cucumber.testng.PickleWrapper,io.cucumber.testng.FeatureWrapper)[pri:0, instance:runner.testrunner@5b1ebf56]" started-at="2024-08-01T21:36:29 EDT" name="runScenario" description="Runs Cucumber Scenarios" data-provider="scenarios" finished-at="2024-08-01T21:36:39 EDT" duration-ms="9241" status="PASS">
          <params>
            <param index="0">
              <value>
                <![CDATA["User in Indroduction invalid page"]]>
              </value>
            </param>
            <param index="1">
              <value>
                <![CDATA["Linked List Functionality"]]>
              </value>
            </param>
          </params>
          <reporter-output>
          </reporter-output>
        </test-method> <!-- runScenario -->
        <test-method signature="runScenario(io.cucumber.testng.PickleWrapper,io.cucumber.testng.FeatureWrapper)[pri:0, instance:runner.testrunner@5b1ebf56]" started-at="2024-08-01T21:36:39 EDT" name="runScenario" description="Runs Cucumber Scenarios" data-provider="scenarios" finished-at="2024-08-01T21:36:47 EDT" duration-ms="8486" status="PASS">
          <params>
            <param index="0">
              <value>
                <![CDATA["User in Indroduction invalid page"]]>
              </value>
            </param>
            <param index="1">
              <value>
                <![CDATA["Linked List Functionality"]]>
              </value>
            </param>
          </params>
          <reporter-output>
          </reporter-output>
        </test-method> <!-- runScenario -->
        <test-method signature="runScenario(io.cucumber.testng.PickleWrapper,io.cucumber.testng.FeatureWrapper)[pri:0, instance:runner.testrunner@5b1ebf56]" started-at="2024-08-01T21:36:47 EDT" name="runScenario" description="Runs Cucumber Scenarios" data-provider="scenarios" finished-at="2024-08-01T21:36:55 EDT" duration-ms="8437" status="PASS">
          <params>
            <param index="0">
              <value>
                <![CDATA["User in Created linked list page"]]>
              </value>
            </param>
            <param index="1">
              <value>
                <![CDATA["Linked List Functionality"]]>
              </value>
            </param>
          </params>
          <reporter-output>
          </reporter-output>
        </test-method> <!-- runScenario -->
        <test-method signature="runScenario(io.cucumber.testng.PickleWrapper,io.cucumber.testng.FeatureWrapper)[pri:0, instance:runner.testrunner@5b1ebf56]" started-at="2024-08-01T21:36:55 EDT" name="runScenario" description="Runs Cucumber Scenarios" data-provider="scenarios" finished-at="2024-08-01T21:37:03 EDT" duration-ms="7928" status="PASS">
          <params>
            <param index="0">
              <value>
                <![CDATA["User in invalid Created linked list"]]>
              </value>
            </param>
            <param index="1">
              <value>
                <![CDATA["Linked List Functionality"]]>
              </value>
            </param>
          </params>
          <reporter-output>
          </reporter-output>
        </test-method> <!-- runScenario -->
        <test-method signature="runScenario(io.cucumber.testng.PickleWrapper,io.cucumber.testng.FeatureWrapper)[pri:0, instance:runner.testrunner@5b1ebf56]" started-at="2024-08-01T21:37:03 EDT" name="runScenario" description="Runs Cucumber Scenarios" data-provider="scenarios" finished-at="2024-08-01T21:37:11 EDT" duration-ms="7781" status="PASS">
          <params>
            <param index="0">
              <value>
                <![CDATA["User in invalid Created linked list"]]>
              </value>
            </param>
            <param index="1">
              <value>
                <![CDATA["Linked List Functionality"]]>
              </value>
            </param>
          </params>
          <reporter-output>
          </reporter-output>
        </test-method> <!-- runScenario -->
        <test-method signature="runScenario(io.cucumber.testng.PickleWrapper,io.cucumber.testng.FeatureWrapper)[pri:0, instance:runner.testrunner@5b1ebf56]" started-at="2024-08-01T21:37:11 EDT" name="runScenario" description="Runs Cucumber Scenarios" data-provider="scenarios" finished-at="2024-08-01T21:37:20 EDT" duration-ms="8422" status="PASS">
          <params>
            <param index="0">
              <value>
                <![CDATA["User in Types of linked list page"]]>
              </value>
            </param>
            <param index="1">
              <value>
                <![CDATA["Linked List Functionality"]]>
              </value>
            </param>
          </params>
          <reporter-output>
          </reporter-output>
        </test-method> <!-- runScenario -->
        <test-method signature="runScenario(io.cucumber.testng.PickleWrapper,io.cucumber.testng.FeatureWrapper)[pri:0, instance:runner.testrunner@5b1ebf56]" started-at="2024-08-01T21:37:20 EDT" name="runScenario" description="Runs Cucumber Scenarios" data-provider="scenarios" finished-at="2024-08-01T21:37:27 EDT" duration-ms="7657" status="PASS">
          <params>
            <param index="0">
              <value>
                <![CDATA["Types of linked list invalid functionality"]]>
              </value>
            </param>
            <param index="1">
              <value>
                <![CDATA["Linked List Functionality"]]>
              </value>
            </param>
          </params>
          <reporter-output>
          </reporter-output>
        </test-method> <!-- runScenario -->
        <test-method signature="runScenario(io.cucumber.testng.PickleWrapper,io.cucumber.testng.FeatureWrapper)[pri:0, instance:runner.testrunner@5b1ebf56]" started-at="2024-08-01T21:37:27 EDT" name="runScenario" description="Runs Cucumber Scenarios" data-provider="scenarios" finished-at="2024-08-01T21:37:35 EDT" duration-ms="7532" status="PASS">
          <params>
            <param index="0">
              <value>
                <![CDATA["Types of linked list invalid functionality"]]>
              </value>
            </param>
            <param index="1">
              <value>
                <![CDATA["Linked List Functionality"]]>
              </value>
            </param>
          </params>
          <reporter-output>
          </reporter-output>
        </test-method> <!-- runScenario -->
        <test-method signature="runScenario(io.cucumber.testng.PickleWrapper,io.cucumber.testng.FeatureWrapper)[pri:0, instance:runner.testrunner@5b1ebf56]" started-at="2024-08-01T21:37:35 EDT" name="runScenario" description="Runs Cucumber Scenarios" data-provider="scenarios" finished-at="2024-08-01T21:37:43 EDT" duration-ms="8189" status="PASS">
          <params>
            <param index="0">
              <value>
                <![CDATA["User in Implement linked list"]]>
              </value>
            </param>
            <param index="1">
              <value>
                <![CDATA["Linked List Functionality"]]>
              </value>
            </param>
          </params>
          <reporter-output>
          </reporter-output>
        </test-method> <!-- runScenario -->
        <test-method signature="runScenario(io.cucumber.testng.PickleWrapper,io.cucumber.testng.FeatureWrapper)[pri:0, instance:runner.testrunner@5b1ebf56]" started-at="2024-08-01T21:37:43 EDT" name="runScenario" description="Runs Cucumber Scenarios" data-provider="scenarios" finished-at="2024-08-01T21:37:51 EDT" duration-ms="7731" status="PASS">
          <params>
            <param index="0">
              <value>
                <![CDATA["user in Implement linked list invalid functionality"]]>
              </value>
            </param>
            <param index="1">
              <value>
                <![CDATA["Linked List Functionality"]]>
              </value>
            </param>
          </params>
          <reporter-output>
          </reporter-output>
        </test-method> <!-- runScenario -->
        <test-method signature="runScenario(io.cucumber.testng.PickleWrapper,io.cucumber.testng.FeatureWrapper)[pri:0, instance:runner.testrunner@5b1ebf56]" started-at="2024-08-01T21:37:51 EDT" name="runScenario" description="Runs Cucumber Scenarios" data-provider="scenarios" finished-at="2024-08-01T21:37:58 EDT" duration-ms="7493" status="PASS">
          <params>
            <param index="0">
              <value>
                <![CDATA["user in Implement linked list invalid functionality"]]>
              </value>
            </param>
            <param index="1">
              <value>
                <![CDATA["Linked List Functionality"]]>
              </value>
            </param>
          </params>
          <reporter-output>
          </reporter-output>
        </test-method> <!-- runScenario -->
        <test-method signature="runScenario(io.cucumber.testng.PickleWrapper,io.cucumber.testng.FeatureWrapper)[pri:0, instance:runner.testrunner@5b1ebf56]" started-at="2024-08-01T21:37:58 EDT" name="runScenario" description="Runs Cucumber Scenarios" data-provider="scenarios" finished-at="2024-08-01T21:38:06 EDT" duration-ms="8052" status="PASS">
          <params>
            <param index="0">
              <value>
                <![CDATA["User in Traversal linked list"]]>
              </value>
            </param>
            <param index="1">
              <value>
                <![CDATA["Linked List Functionality"]]>
              </value>
            </param>
          </params>
          <reporter-output>
          </reporter-output>
        </test-method> <!-- runScenario -->
        <test-method signature="runScenario(io.cucumber.testng.PickleWrapper,io.cucumber.testng.FeatureWrapper)[pri:0, instance:runner.testrunner@5b1ebf56]" started-at="2024-08-01T21:38:06 EDT" name="runScenario" description="Runs Cucumber Scenarios" data-provider="scenarios" finished-at="2024-08-01T21:38:14 EDT" duration-ms="7610" status="PASS">
          <params>
            <param index="0">
              <value>
                <![CDATA["User in Traversal linked list invalid functionality"]]>
              </value>
            </param>
            <param index="1">
              <value>
                <![CDATA["Linked List Functionality"]]>
              </value>
            </param>
          </params>
          <reporter-output>
          </reporter-output>
        </test-method> <!-- runScenario -->
        <test-method signature="runScenario(io.cucumber.testng.PickleWrapper,io.cucumber.testng.FeatureWrapper)[pri:0, instance:runner.testrunner@5b1ebf56]" started-at="2024-08-01T21:38:14 EDT" name="runScenario" description="Runs Cucumber Scenarios" data-provider="scenarios" finished-at="2024-08-01T21:38:21 EDT" duration-ms="7351" status="PASS">
          <params>
            <param index="0">
              <value>
                <![CDATA["User in Traversal linked list invalid functionality"]]>
              </value>
            </param>
            <param index="1">
              <value>
                <![CDATA["Linked List Functionality"]]>
              </value>
            </param>
          </params>
          <reporter-output>
          </reporter-output>
        </test-method> <!-- runScenario -->
        <test-method signature="runScenario(io.cucumber.testng.PickleWrapper,io.cucumber.testng.FeatureWrapper)[pri:0, instance:runner.testrunner@5b1ebf56]" started-at="2024-08-01T21:38:21 EDT" name="runScenario" description="Runs Cucumber Scenarios" data-provider="scenarios" finished-at="2024-08-01T21:38:29 EDT" duration-ms="7864" status="PASS">
          <params>
            <param index="0">
              <value>
                <![CDATA["User in Insertion linked list"]]>
              </value>
            </param>
            <param index="1">
              <value>
                <![CDATA["Linked List Functionality"]]>
              </value>
            </param>
          </params>
          <reporter-output>
          </reporter-output>
        </test-method> <!-- runScenario -->
        <test-method signature="runScenario(io.cucumber.testng.PickleWrapper,io.cucumber.testng.FeatureWrapper)[pri:0, instance:runner.testrunner@5b1ebf56]" started-at="2024-08-01T21:38:29 EDT" name="runScenario" description="Runs Cucumber Scenarios" data-provider="scenarios" finished-at="2024-08-01T21:38:36 EDT" duration-ms="7286" status="PASS">
          <params>
            <param index="0">
              <value>
                <![CDATA["User in Insertion linked list invalid functionality"]]>
              </value>
            </param>
            <param index="1">
              <value>
                <![CDATA["Linked List Functionality"]]>
              </value>
            </param>
          </params>
          <reporter-output>
          </reporter-output>
        </test-method> <!-- runScenario -->
        <test-method signature="runScenario(io.cucumber.testng.PickleWrapper,io.cucumber.testng.FeatureWrapper)[pri:0, instance:runner.testrunner@5b1ebf56]" started-at="2024-08-01T21:38:36 EDT" name="runScenario" description="Runs Cucumber Scenarios" data-provider="scenarios" finished-at="2024-08-01T21:38:44 EDT" duration-ms="7612" status="PASS">
          <params>
            <param index="0">
              <value>
                <![CDATA["User in Insertion linked list invalid functionality"]]>
              </value>
            </param>
            <param index="1">
              <value>
                <![CDATA["Linked List Functionality"]]>
              </value>
            </param>
          </params>
          <reporter-output>
          </reporter-output>
        </test-method> <!-- runScenario -->
        <test-method signature="runScenario(io.cucumber.testng.PickleWrapper,io.cucumber.testng.FeatureWrapper)[pri:0, instance:runner.testrunner@5b1ebf56]" started-at="2024-08-01T21:38:44 EDT" name="runScenario" description="Runs Cucumber Scenarios" data-provider="scenarios" finished-at="2024-08-01T21:38:52 EDT" duration-ms="8238" status="PASS">
          <params>
            <param index="0">
              <value>
                <![CDATA["User in Deletion Linked List"]]>
              </value>
            </param>
            <param index="1">
              <value>
                <![CDATA["Linked List Functionality"]]>
              </value>
            </param>
          </params>
          <reporter-output>
          </reporter-output>
        </test-method> <!-- runScenario -->
        <test-method signature="runScenario(io.cucumber.testng.PickleWrapper,io.cucumber.testng.FeatureWrapper)[pri:0, instance:runner.testrunner@5b1ebf56]" started-at="2024-08-01T21:38:52 EDT" name="runScenario" description="Runs Cucumber Scenarios" data-provider="scenarios" finished-at="2024-08-01T21:38:59 EDT" duration-ms="6405" status="PASS">
          <params>
            <param index="0">
              <value>
                <![CDATA["user in Deletion LinkedList invalid functionality"]]>
              </value>
            </param>
            <param index="1">
              <value>
                <![CDATA["Linked List Functionality"]]>
              </value>
            </param>
          </params>
          <reporter-output>
          </reporter-output>
        </test-method> <!-- runScenario -->
        <test-method signature="runScenario(io.cucumber.testng.PickleWrapper,io.cucumber.testng.FeatureWrapper)[pri:0, instance:runner.testrunner@5b1ebf56]" started-at="2024-08-01T21:38:59 EDT" name="runScenario" description="Runs Cucumber Scenarios" data-provider="scenarios" finished-at="2024-08-01T21:39:06 EDT" duration-ms="7156" status="PASS">
          <params>
            <param index="0">
              <value>
                <![CDATA["user in Deletion LinkedList invalid functionality"]]>
              </value>
            </param>
            <param index="1">
              <value>
                <![CDATA["Linked List Functionality"]]>
              </value>
            </param>
          </params>
          <reporter-output>
          </reporter-output>
        </test-method> <!-- runScenario -->
        <test-method signature="runScenario(io.cucumber.testng.PickleWrapper,io.cucumber.testng.FeatureWrapper)[pri:0, instance:runner.testrunner@5b1ebf56]" started-at="2024-08-01T21:39:06 EDT" name="runScenario" description="Runs Cucumber Scenarios" data-provider="scenarios" finished-at="2024-08-01T21:39:20 EDT" duration-ms="13953" status="PASS">
          <params>
            <param index="0">
              <value>
                <![CDATA["user is on Queue homepage"]]>
              </value>
            </param>
            <param index="1">
              <value>
                <![CDATA["Queue page functionality"]]>
              </value>
            </param>
          </params>
          <reporter-output>
          </reporter-output>
        </test-method> <!-- runScenario -->
        <test-method signature="runScenario(io.cucumber.testng.PickleWrapper,io.cucumber.testng.FeatureWrapper)[pri:0, instance:runner.testrunner@5b1ebf56]" started-at="2024-08-01T21:39:20 EDT" name="runScenario" description="Runs Cucumber Scenarios" data-provider="scenarios" finished-at="2024-08-01T21:39:34 EDT" duration-ms="14150" status="PASS">
          <params>
            <param index="0">
              <value>
                <![CDATA["user is on Queue homepage"]]>
              </value>
            </param>
            <param index="1">
              <value>
                <![CDATA["Queue page functionality"]]>
              </value>
            </param>
          </params>
          <reporter-output>
          </reporter-output>
        </test-method> <!-- runScenario -->
        <test-method signature="runScenario(io.cucumber.testng.PickleWrapper,io.cucumber.testng.FeatureWrapper)[pri:0, instance:runner.testrunner@5b1ebf56]" started-at="2024-08-01T21:39:34 EDT" name="runScenario" description="Runs Cucumber Scenarios" data-provider="scenarios" finished-at="2024-08-01T21:39:42 EDT" duration-ms="7988" status="PASS">
          <params>
            <param index="0">
              <value>
                <![CDATA["user is Queue home page function"]]>
              </value>
            </param>
            <param index="1">
              <value>
                <![CDATA["Queue page functionality"]]>
              </value>
            </param>
          </params>
          <reporter-output>
          </reporter-output>
        </test-method> <!-- runScenario -->
        <test-method signature="runScenario(io.cucumber.testng.PickleWrapper,io.cucumber.testng.FeatureWrapper)[pri:0, instance:runner.testrunner@5b1ebf56]" started-at="2024-08-01T21:39:42 EDT" name="runScenario" description="Runs Cucumber Scenarios" data-provider="scenarios" finished-at="2024-08-01T21:39:50 EDT" duration-ms="8382" status="PASS">
          <params>
            <param index="0">
              <value>
                <![CDATA["user is Queue home page function"]]>
              </value>
            </param>
            <param index="1">
              <value>
                <![CDATA["Queue page functionality"]]>
              </value>
            </param>
          </params>
          <reporter-output>
          </reporter-output>
        </test-method> <!-- runScenario -->
        <test-method signature="runScenario(io.cucumber.testng.PickleWrapper,io.cucumber.testng.FeatureWrapper)[pri:0, instance:runner.testrunner@5b1ebf56]" started-at="2024-08-01T21:39:50 EDT" name="runScenario" description="Runs Cucumber Scenarios" data-provider="scenarios" finished-at="2024-08-01T21:40:01 EDT" duration-ms="10294" status="PASS">
          <params>
            <param index="0">
              <value>
                <![CDATA["user is Queue home page function"]]>
              </value>
            </param>
            <param index="1">
              <value>
                <![CDATA["Queue page functionality"]]>
              </value>
            </param>
          </params>
          <reporter-output>
          </reporter-output>
        </test-method> <!-- runScenario -->
        <test-method signature="runScenario(io.cucumber.testng.PickleWrapper,io.cucumber.testng.FeatureWrapper)[pri:0, instance:runner.testrunner@5b1ebf56]" started-at="2024-08-01T21:40:01 EDT" name="runScenario" description="Runs Cucumber Scenarios" data-provider="scenarios" finished-at="2024-08-01T21:40:11 EDT" duration-ms="10218" status="PASS">
          <params>
            <param index="0">
              <value>
                <![CDATA["user is Queue home page function"]]>
              </value>
            </param>
            <param index="1">
              <value>
                <![CDATA["Queue page functionality"]]>
              </value>
            </param>
          </params>
          <reporter-output>
          </reporter-output>
        </test-method> <!-- runScenario -->
        <test-method signature="runScenario(io.cucumber.testng.PickleWrapper,io.cucumber.testng.FeatureWrapper)[pri:0, instance:runner.testrunner@5b1ebf56]" started-at="2024-08-01T21:40:11 EDT" name="runScenario" description="Runs Cucumber Scenarios" data-provider="scenarios" finished-at="2024-08-01T21:40:19 EDT" duration-ms="8311" status="PASS">
          <params>
            <param index="0">
              <value>
                <![CDATA["user is on Queue home page function"]]>
              </value>
            </param>
            <param index="1">
              <value>
                <![CDATA["Queue page functionality"]]>
              </value>
            </param>
          </params>
          <reporter-output>
          </reporter-output>
        </test-method> <!-- runScenario -->
        <test-method signature="runScenario(io.cucumber.testng.PickleWrapper,io.cucumber.testng.FeatureWrapper)[pri:0, instance:runner.testrunner@5b1ebf56]" started-at="2024-08-01T21:40:19 EDT" name="runScenario" description="Runs Cucumber Scenarios" data-provider="scenarios" finished-at="2024-08-01T21:40:28 EDT" duration-ms="8676" status="PASS">
          <params>
            <param index="0">
              <value>
                <![CDATA["user is on Queue home page function"]]>
              </value>
            </param>
            <param index="1">
              <value>
                <![CDATA["Queue page functionality"]]>
              </value>
            </param>
          </params>
          <reporter-output>
          </reporter-output>
        </test-method> <!-- runScenario -->
        <test-method signature="runScenario(io.cucumber.testng.PickleWrapper,io.cucumber.testng.FeatureWrapper)[pri:0, instance:runner.testrunner@5b1ebf56]" started-at="2024-08-01T21:40:28 EDT" name="runScenario" description="Runs Cucumber Scenarios" data-provider="scenarios" finished-at="2024-08-01T21:40:33 EDT" duration-ms="5401" status="PASS">
          <params>
            <param index="0">
              <value>
                <![CDATA["user is on Queue home page function"]]>
              </value>
            </param>
            <param index="1">
              <value>
                <![CDATA["Queue page functionality"]]>
              </value>
            </param>
          </params>
          <reporter-output>
          </reporter-output>
        </test-method> <!-- runScenario -->
        <test-method signature="runScenario(io.cucumber.testng.PickleWrapper,io.cucumber.testng.FeatureWrapper)[pri:0, instance:runner.testrunner@5b1ebf56]" started-at="2024-08-01T21:40:33 EDT" name="runScenario" description="Runs Cucumber Scenarios" data-provider="scenarios" finished-at="2024-08-01T21:40:38 EDT" duration-ms="4937" status="PASS">
          <params>
            <param index="0">
              <value>
                <![CDATA["Register with valid username,invalid password,invalid passwordconfirmation"]]>
              </value>
            </param>
            <param index="1">
              <value>
                <![CDATA["Register web page"]]>
              </value>
            </param>
          </params>
          <reporter-output>
          </reporter-output>
        </test-method> <!-- runScenario -->
        <test-method signature="runScenario(io.cucumber.testng.PickleWrapper,io.cucumber.testng.FeatureWrapper)[pri:0, instance:runner.testrunner@5b1ebf56]" started-at="2024-08-01T21:40:38 EDT" name="runScenario" description="Runs Cucumber Scenarios" data-provider="scenarios" finished-at="2024-08-01T21:40:44 EDT" duration-ms="5464" status="PASS">
          <params>
            <param index="0">
              <value>
                <![CDATA["Register with valid username,invalid password,invalid passwordconfirmation"]]>
              </value>
            </param>
            <param index="1">
              <value>
                <![CDATA["Register web page"]]>
              </value>
            </param>
          </params>
          <reporter-output>
          </reporter-output>
        </test-method> <!-- runScenario -->
        <test-method signature="runScenario(io.cucumber.testng.PickleWrapper,io.cucumber.testng.FeatureWrapper)[pri:0, instance:runner.testrunner@5b1ebf56]" started-at="2024-08-01T21:40:44 EDT" name="runScenario" description="Runs Cucumber Scenarios" data-provider="scenarios" finished-at="2024-08-01T21:40:49 EDT" duration-ms="4966" status="PASS">
          <params>
            <param index="0">
              <value>
                <![CDATA["Register with valid username,valid password,invalid passwordconfirmation"]]>
              </value>
            </param>
            <param index="1">
              <value>
                <![CDATA["Register web page"]]>
              </value>
            </param>
          </params>
          <reporter-output>
          </reporter-output>
        </test-method> <!-- runScenario -->
        <test-method signature="runScenario(io.cucumber.testng.PickleWrapper,io.cucumber.testng.FeatureWrapper)[pri:0, instance:runner.testrunner@5b1ebf56]" started-at="2024-08-01T21:40:49 EDT" name="runScenario" description="Runs Cucumber Scenarios" data-provider="scenarios" finished-at="2024-08-01T21:40:53 EDT" duration-ms="4785" status="PASS">
          <params>
            <param index="0">
              <value>
                <![CDATA["Register with valid username,valid password,invalid passwordconfirmation"]]>
              </value>
            </param>
            <param index="1">
              <value>
                <![CDATA["Register web page"]]>
              </value>
            </param>
          </params>
          <reporter-output>
          </reporter-output>
        </test-method> <!-- runScenario -->
        <test-method signature="runScenario(io.cucumber.testng.PickleWrapper,io.cucumber.testng.FeatureWrapper)[pri:0, instance:runner.testrunner@5b1ebf56]" started-at="2024-08-01T21:40:53 EDT" name="runScenario" description="Runs Cucumber Scenarios" data-provider="scenarios" finished-at="2024-08-01T21:40:59 EDT" duration-ms="5783" status="PASS">
          <params>
            <param index="0">
              <value>
                <![CDATA["Stack HomePage"]]>
              </value>
            </param>
            <param index="1">
              <value>
                <![CDATA["Stack Functionality"]]>
              </value>
            </param>
          </params>
          <reporter-output>
          </reporter-output>
        </test-method> <!-- runScenario -->
        <test-method signature="runScenario(io.cucumber.testng.PickleWrapper,io.cucumber.testng.FeatureWrapper)[pri:0, instance:runner.testrunner@5b1ebf56]" started-at="2024-08-01T21:40:59 EDT" name="runScenario" description="Runs Cucumber Scenarios" data-provider="scenarios" finished-at="2024-08-01T21:41:06 EDT" duration-ms="7182" status="PASS">
          <params>
            <param index="0">
              <value>
                <![CDATA["Operations in Stack"]]>
              </value>
            </param>
            <param index="1">
              <value>
                <![CDATA["Stack Functionality"]]>
              </value>
            </param>
          </params>
          <reporter-output>
          </reporter-output>
        </test-method> <!-- runScenario -->
        <test-method signature="runScenario(io.cucumber.testng.PickleWrapper,io.cucumber.testng.FeatureWrapper)[pri:0, instance:runner.testrunner@5b1ebf56]" started-at="2024-08-01T21:41:06 EDT" name="runScenario" description="Runs Cucumber Scenarios" data-provider="scenarios" finished-at="2024-08-01T21:41:14 EDT" duration-ms="7481" status="PASS">
          <params>
            <param index="0">
              <value>
                <![CDATA["Invalid operations in stack functionality"]]>
              </value>
            </param>
            <param index="1">
              <value>
                <![CDATA["Stack Functionality"]]>
              </value>
            </param>
          </params>
          <reporter-output>
          </reporter-output>
        </test-method> <!-- runScenario -->
        <test-method signature="runScenario(io.cucumber.testng.PickleWrapper,io.cucumber.testng.FeatureWrapper)[pri:0, instance:runner.testrunner@5b1ebf56]" started-at="2024-08-01T21:41:14 EDT" name="runScenario" description="Runs Cucumber Scenarios" data-provider="scenarios" finished-at="2024-08-01T21:41:21 EDT" duration-ms="7217" status="PASS">
          <params>
            <param index="0">
              <value>
                <![CDATA["Invalid operations in stack functionality"]]>
              </value>
            </param>
            <param index="1">
              <value>
                <![CDATA["Stack Functionality"]]>
              </value>
            </param>
          </params>
          <reporter-output>
          </reporter-output>
        </test-method> <!-- runScenario -->
        <test-method signature="runScenario(io.cucumber.testng.PickleWrapper,io.cucumber.testng.FeatureWrapper)[pri:0, instance:runner.testrunner@5b1ebf56]" started-at="2024-08-01T21:41:21 EDT" name="runScenario" description="Runs Cucumber Scenarios" data-provider="scenarios" finished-at="2024-08-01T21:41:28 EDT" duration-ms="6818" status="PASS">
          <params>
            <param index="0">
              <value>
                <![CDATA["Implementation"]]>
              </value>
            </param>
            <param index="1">
              <value>
                <![CDATA["Stack Functionality"]]>
              </value>
            </param>
          </params>
          <reporter-output>
          </reporter-output>
        </test-method> <!-- runScenario -->
        <test-method signature="runScenario(io.cucumber.testng.PickleWrapper,io.cucumber.testng.FeatureWrapper)[pri:0, instance:runner.testrunner@5b1ebf56]" started-at="2024-08-01T21:41:28 EDT" name="runScenario" description="Runs Cucumber Scenarios" data-provider="scenarios" finished-at="2024-08-01T21:41:34 EDT" duration-ms="6406" status="PASS">
          <params>
            <param index="0">
              <value>
                <![CDATA["Invalid Implementation"]]>
              </value>
            </param>
            <param index="1">
              <value>
                <![CDATA["Stack Functionality"]]>
              </value>
            </param>
          </params>
          <reporter-output>
          </reporter-output>
        </test-method> <!-- runScenario -->
        <test-method signature="runScenario(io.cucumber.testng.PickleWrapper,io.cucumber.testng.FeatureWrapper)[pri:0, instance:runner.testrunner@5b1ebf56]" started-at="2024-08-01T21:41:34 EDT" name="runScenario" description="Runs Cucumber Scenarios" data-provider="scenarios" finished-at="2024-08-01T21:41:41 EDT" duration-ms="6521" status="PASS">
          <params>
            <param index="0">
              <value>
                <![CDATA["Invalid Implementation"]]>
              </value>
            </param>
            <param index="1">
              <value>
                <![CDATA["Stack Functionality"]]>
              </value>
            </param>
          </params>
          <reporter-output>
          </reporter-output>
        </test-method> <!-- runScenario -->
        <test-method signature="runScenario(io.cucumber.testng.PickleWrapper,io.cucumber.testng.FeatureWrapper)[pri:0, instance:runner.testrunner@5b1ebf56]" started-at="2024-08-01T21:41:41 EDT" name="runScenario" description="Runs Cucumber Scenarios" data-provider="scenarios" finished-at="2024-08-01T21:41:48 EDT" duration-ms="6778" status="PASS">
          <params>
            <param index="0">
              <value>
                <![CDATA["Application"]]>
              </value>
            </param>
            <param index="1">
              <value>
                <![CDATA["Stack Functionality"]]>
              </value>
            </param>
          </params>
          <reporter-output>
          </reporter-output>
        </test-method> <!-- runScenario -->
        <test-method signature="runScenario(io.cucumber.testng.PickleWrapper,io.cucumber.testng.FeatureWrapper)[pri:0, instance:runner.testrunner@5b1ebf56]" started-at="2024-08-01T21:41:48 EDT" name="runScenario" description="Runs Cucumber Scenarios" data-provider="scenarios" finished-at="2024-08-01T21:41:54 EDT" duration-ms="6026" status="PASS">
          <params>
            <param index="0">
              <value>
                <![CDATA["Invalid Application"]]>
              </value>
            </param>
            <param index="1">
              <value>
                <![CDATA["Stack Functionality"]]>
              </value>
            </param>
          </params>
          <reporter-output>
          </reporter-output>
        </test-method> <!-- runScenario -->
        <test-method signature="runScenario(io.cucumber.testng.PickleWrapper,io.cucumber.testng.FeatureWrapper)[pri:0, instance:runner.testrunner@5b1ebf56]" started-at="2024-08-01T21:41:54 EDT" name="runScenario" description="Runs Cucumber Scenarios" data-provider="scenarios" finished-at="2024-08-01T21:42:00 EDT" duration-ms="6372" status="PASS">
          <params>
            <param index="0">
              <value>
                <![CDATA["Invalid Application"]]>
              </value>
            </param>
            <param index="1">
              <value>
                <![CDATA["Stack Functionality"]]>
              </value>
            </param>
          </params>
          <reporter-output>
          </reporter-output>
        </test-method> <!-- runScenario -->
        <test-method signature="runScenario(io.cucumber.testng.PickleWrapper,io.cucumber.testng.FeatureWrapper)[pri:0, instance:runner.testrunner@5b1ebf56]" started-at="2024-08-01T21:42:00 EDT" name="runScenario" description="Runs Cucumber Scenarios" data-provider="scenarios" finished-at="2024-08-01T21:42:05 EDT" duration-ms="5352" status="PASS">
          <params>
            <param index="0">
              <value>
                <![CDATA["Tree Page"]]>
              </value>
            </param>
            <param index="1">
              <value>
                <![CDATA["DsAlgo Tree Page"]]>
              </value>
            </param>
          </params>
          <reporter-output>
          </reporter-output>
        </test-method> <!-- runScenario -->
        <test-method signature="runScenario(io.cucumber.testng.PickleWrapper,io.cucumber.testng.FeatureWrapper)[pri:0, instance:runner.testrunner@5b1ebf56]" started-at="2024-08-01T21:42:05 EDT" name="runScenario" description="Runs Cucumber Scenarios" data-provider="scenarios" finished-at="2024-08-01T21:42:13 EDT" duration-ms="8056" status="PASS">
          <params>
            <param index="0">
              <value>
                <![CDATA["Overview of Trees"]]>
              </value>
            </param>
            <param index="1">
              <value>
                <![CDATA["DsAlgo Tree Page"]]>
              </value>
            </param>
          </params>
          <reporter-output>
          </reporter-output>
        </test-method> <!-- runScenario -->
        <test-method signature="runScenario(io.cucumber.testng.PickleWrapper,io.cucumber.testng.FeatureWrapper)[pri:0, instance:runner.testrunner@5b1ebf56]" started-at="2024-08-01T21:42:13 EDT" name="runScenario" description="Runs Cucumber Scenarios" data-provider="scenarios" finished-at="2024-08-01T21:42:20 EDT" duration-ms="6115" status="PASS">
          <params>
            <param index="0">
              <value>
                <![CDATA["Invalid Overview of tree"]]>
              </value>
            </param>
            <param index="1">
              <value>
                <![CDATA["DsAlgo Tree Page"]]>
              </value>
            </param>
          </params>
          <reporter-output>
          </reporter-output>
        </test-method> <!-- runScenario -->
        <test-method signature="runScenario(io.cucumber.testng.PickleWrapper,io.cucumber.testng.FeatureWrapper)[pri:0, instance:runner.testrunner@5b1ebf56]" started-at="2024-08-01T21:42:20 EDT" name="runScenario" description="Runs Cucumber Scenarios" data-provider="scenarios" finished-at="2024-08-01T21:42:26 EDT" duration-ms="6330" status="PASS">
          <params>
            <param index="0">
              <value>
                <![CDATA["Invalid Overview of tree"]]>
              </value>
            </param>
            <param index="1">
              <value>
                <![CDATA["DsAlgo Tree Page"]]>
              </value>
            </param>
          </params>
          <reporter-output>
          </reporter-output>
        </test-method> <!-- runScenario -->
        <test-method signature="runScenario(io.cucumber.testng.PickleWrapper,io.cucumber.testng.FeatureWrapper)[pri:0, instance:runner.testrunner@5b1ebf56]" started-at="2024-08-01T21:42:26 EDT" name="runScenario" description="Runs Cucumber Scenarios" data-provider="scenarios" finished-at="2024-08-01T21:42:34 EDT" duration-ms="8319" status="PASS">
          <params>
            <param index="0">
              <value>
                <![CDATA["Terminologies of Tree"]]>
              </value>
            </param>
            <param index="1">
              <value>
                <![CDATA["DsAlgo Tree Page"]]>
              </value>
            </param>
          </params>
          <reporter-output>
          </reporter-output>
        </test-method> <!-- runScenario -->
        <test-method signature="runScenario(io.cucumber.testng.PickleWrapper,io.cucumber.testng.FeatureWrapper)[pri:0, instance:runner.testrunner@5b1ebf56]" started-at="2024-08-01T21:42:34 EDT" name="runScenario" description="Runs Cucumber Scenarios" data-provider="scenarios" finished-at="2024-08-01T21:42:41 EDT" duration-ms="6393" status="PASS">
          <params>
            <param index="0">
              <value>
                <![CDATA["Invalid Terminologies of tree"]]>
              </value>
            </param>
            <param index="1">
              <value>
                <![CDATA["DsAlgo Tree Page"]]>
              </value>
            </param>
          </params>
          <reporter-output>
          </reporter-output>
        </test-method> <!-- runScenario -->
        <test-method signature="runScenario(io.cucumber.testng.PickleWrapper,io.cucumber.testng.FeatureWrapper)[pri:0, instance:runner.testrunner@5b1ebf56]" started-at="2024-08-01T21:42:41 EDT" name="runScenario" description="Runs Cucumber Scenarios" data-provider="scenarios" finished-at="2024-08-01T21:42:47 EDT" duration-ms="6383" status="PASS">
          <params>
            <param index="0">
              <value>
                <![CDATA["Invalid Terminologies of tree"]]>
              </value>
            </param>
            <param index="1">
              <value>
                <![CDATA["DsAlgo Tree Page"]]>
              </value>
            </param>
          </params>
          <reporter-output>
          </reporter-output>
        </test-method> <!-- runScenario -->
        <test-method signature="runScenario(io.cucumber.testng.PickleWrapper,io.cucumber.testng.FeatureWrapper)[pri:0, instance:runner.testrunner@5b1ebf56]" started-at="2024-08-01T21:42:47 EDT" name="runScenario" description="Runs Cucumber Scenarios" data-provider="scenarios" finished-at="2024-08-01T21:42:54 EDT" duration-ms="7153" status="PASS">
          <params>
            <param index="0">
              <value>
                <![CDATA["Types of Tree"]]>
              </value>
            </param>
            <param index="1">
              <value>
                <![CDATA["DsAlgo Tree Page"]]>
              </value>
            </param>
          </params>
          <reporter-output>
          </reporter-output>
        </test-method> <!-- runScenario -->
        <test-method signature="runScenario(io.cucumber.testng.PickleWrapper,io.cucumber.testng.FeatureWrapper)[pri:0, instance:runner.testrunner@5b1ebf56]" started-at="2024-08-01T21:42:54 EDT" name="runScenario" description="Runs Cucumber Scenarios" data-provider="scenarios" finished-at="2024-08-01T21:43:01 EDT" duration-ms="6461" status="PASS">
          <params>
            <param index="0">
              <value>
                <![CDATA["Invalid Types of tree"]]>
              </value>
            </param>
            <param index="1">
              <value>
                <![CDATA["DsAlgo Tree Page"]]>
              </value>
            </param>
          </params>
          <reporter-output>
          </reporter-output>
        </test-method> <!-- runScenario -->
        <test-method signature="runScenario(io.cucumber.testng.PickleWrapper,io.cucumber.testng.FeatureWrapper)[pri:0, instance:runner.testrunner@5b1ebf56]" started-at="2024-08-01T21:43:01 EDT" name="runScenario" description="Runs Cucumber Scenarios" data-provider="scenarios" finished-at="2024-08-01T21:43:07 EDT" duration-ms="5944" status="PASS">
          <params>
            <param index="0">
              <value>
                <![CDATA["Invalid Types of tree"]]>
              </value>
            </param>
            <param index="1">
              <value>
                <![CDATA["DsAlgo Tree Page"]]>
              </value>
            </param>
          </params>
          <reporter-output>
          </reporter-output>
        </test-method> <!-- runScenario -->
        <test-method signature="runScenario(io.cucumber.testng.PickleWrapper,io.cucumber.testng.FeatureWrapper)[pri:0, instance:runner.testrunner@5b1ebf56]" started-at="2024-08-01T21:43:07 EDT" name="runScenario" description="Runs Cucumber Scenarios" data-provider="scenarios" finished-at="2024-08-01T21:43:14 EDT" duration-ms="7130" status="PASS">
          <params>
            <param index="0">
              <value>
                <![CDATA["Tree Traversals"]]>
              </value>
            </param>
            <param index="1">
              <value>
                <![CDATA["DsAlgo Tree Page"]]>
              </value>
            </param>
          </params>
          <reporter-output>
          </reporter-output>
        </test-method> <!-- runScenario -->
        <test-method signature="runScenario(io.cucumber.testng.PickleWrapper,io.cucumber.testng.FeatureWrapper)[pri:0, instance:runner.testrunner@5b1ebf56]" started-at="2024-08-01T21:43:14 EDT" name="runScenario" description="Runs Cucumber Scenarios" data-provider="scenarios" finished-at="2024-08-01T21:43:20 EDT" duration-ms="5996" status="PASS">
          <params>
            <param index="0">
              <value>
                <![CDATA["Invalid  Tree Traversal"]]>
              </value>
            </param>
            <param index="1">
              <value>
                <![CDATA["DsAlgo Tree Page"]]>
              </value>
            </param>
          </params>
          <reporter-output>
          </reporter-output>
        </test-method> <!-- runScenario -->
        <test-method signature="runScenario(io.cucumber.testng.PickleWrapper,io.cucumber.testng.FeatureWrapper)[pri:0, instance:runner.testrunner@5b1ebf56]" started-at="2024-08-01T21:43:20 EDT" name="runScenario" description="Runs Cucumber Scenarios" data-provider="scenarios" finished-at="2024-08-01T21:43:26 EDT" duration-ms="6548" status="PASS">
          <params>
            <param index="0">
              <value>
                <![CDATA["Invalid  Tree Traversal"]]>
              </value>
            </param>
            <param index="1">
              <value>
                <![CDATA["DsAlgo Tree Page"]]>
              </value>
            </param>
          </params>
          <reporter-output>
          </reporter-output>
        </test-method> <!-- runScenario -->
        <test-method signature="runScenario(io.cucumber.testng.PickleWrapper,io.cucumber.testng.FeatureWrapper)[pri:0, instance:runner.testrunner@5b1ebf56]" started-at="2024-08-01T21:43:26 EDT" name="runScenario" description="Runs Cucumber Scenarios" data-provider="scenarios" finished-at="2024-08-01T21:43:34 EDT" duration-ms="7652" status="PASS">
          <params>
            <param index="0">
              <value>
                <![CDATA["Tree Traversals-Illustration"]]>
              </value>
            </param>
            <param index="1">
              <value>
                <![CDATA["DsAlgo Tree Page"]]>
              </value>
            </param>
          </params>
          <reporter-output>
          </reporter-output>
        </test-method> <!-- runScenario -->
        <test-method signature="runScenario(io.cucumber.testng.PickleWrapper,io.cucumber.testng.FeatureWrapper)[pri:0, instance:runner.testrunner@5b1ebf56]" started-at="2024-08-01T21:43:34 EDT" name="runScenario" description="Runs Cucumber Scenarios" data-provider="scenarios" finished-at="2024-08-01T21:43:41 EDT" duration-ms="6866" status="PASS">
          <params>
            <param index="0">
              <value>
                <![CDATA["Invalid  Tree Traversals-Illustration"]]>
              </value>
            </param>
            <param index="1">
              <value>
                <![CDATA["DsAlgo Tree Page"]]>
              </value>
            </param>
          </params>
          <reporter-output>
          </reporter-output>
        </test-method> <!-- runScenario -->
        <test-method signature="runScenario(io.cucumber.testng.PickleWrapper,io.cucumber.testng.FeatureWrapper)[pri:0, instance:runner.testrunner@5b1ebf56]" started-at="2024-08-01T21:43:41 EDT" name="runScenario" description="Runs Cucumber Scenarios" data-provider="scenarios" finished-at="2024-08-01T21:43:48 EDT" duration-ms="6699" status="PASS">
          <params>
            <param index="0">
              <value>
                <![CDATA["Invalid  Tree Traversals-Illustration"]]>
              </value>
            </param>
            <param index="1">
              <value>
                <![CDATA["DsAlgo Tree Page"]]>
              </value>
            </param>
          </params>
          <reporter-output>
          </reporter-output>
        </test-method> <!-- runScenario -->
        <test-method signature="runScenario(io.cucumber.testng.PickleWrapper,io.cucumber.testng.FeatureWrapper)[pri:0, instance:runner.testrunner@5b1ebf56]" started-at="2024-08-01T21:43:48 EDT" name="runScenario" description="Runs Cucumber Scenarios" data-provider="scenarios" finished-at="2024-08-01T21:43:55 EDT" duration-ms="7584" status="PASS">
          <params>
            <param index="0">
              <value>
                <![CDATA["Binary Tree"]]>
              </value>
            </param>
            <param index="1">
              <value>
                <![CDATA["DsAlgo Tree Page"]]>
              </value>
            </param>
          </params>
          <reporter-output>
          </reporter-output>
        </test-method> <!-- runScenario -->
        <test-method signature="runScenario(io.cucumber.testng.PickleWrapper,io.cucumber.testng.FeatureWrapper)[pri:0, instance:runner.testrunner@5b1ebf56]" started-at="2024-08-01T21:43:55 EDT" name="runScenario" description="Runs Cucumber Scenarios" data-provider="scenarios" finished-at="2024-08-01T21:44:02 EDT" duration-ms="6415" status="PASS">
          <params>
            <param index="0">
              <value>
                <![CDATA["Invalid  Binary Tree"]]>
              </value>
            </param>
            <param index="1">
              <value>
                <![CDATA["DsAlgo Tree Page"]]>
              </value>
            </param>
          </params>
          <reporter-output>
          </reporter-output>
        </test-method> <!-- runScenario -->
        <test-method signature="runScenario(io.cucumber.testng.PickleWrapper,io.cucumber.testng.FeatureWrapper)[pri:0, instance:runner.testrunner@5b1ebf56]" started-at="2024-08-01T21:44:02 EDT" name="runScenario" description="Runs Cucumber Scenarios" data-provider="scenarios" finished-at="2024-08-01T21:44:08 EDT" duration-ms="6807" status="PASS">
          <params>
            <param index="0">
              <value>
                <![CDATA["Invalid  Binary Tree"]]>
              </value>
            </param>
            <param index="1">
              <value>
                <![CDATA["DsAlgo Tree Page"]]>
              </value>
            </param>
          </params>
          <reporter-output>
          </reporter-output>
        </test-method> <!-- runScenario -->
        <test-method signature="runScenario(io.cucumber.testng.PickleWrapper,io.cucumber.testng.FeatureWrapper)[pri:0, instance:runner.testrunner@5b1ebf56]" started-at="2024-08-01T21:44:08 EDT" name="runScenario" description="Runs Cucumber Scenarios" data-provider="scenarios" finished-at="2024-08-01T21:44:22 EDT" duration-ms="13586" status="PASS">
          <params>
            <param index="0">
              <value>
                <![CDATA["user is on tree homepage"]]>
              </value>
            </param>
            <param index="1">
              <value>
                <![CDATA["Tree page functionality"]]>
              </value>
            </param>
          </params>
          <reporter-output>
          </reporter-output>
        </test-method> <!-- runScenario -->
        <test-method signature="runScenario(io.cucumber.testng.PickleWrapper,io.cucumber.testng.FeatureWrapper)[pri:0, instance:runner.testrunner@5b1ebf56]" started-at="2024-08-01T21:44:22 EDT" name="runScenario" description="Runs Cucumber Scenarios" data-provider="scenarios" finished-at="2024-08-01T21:44:36 EDT" duration-ms="14395" status="PASS">
          <params>
            <param index="0">
              <value>
                <![CDATA["user is on tree homepage"]]>
              </value>
            </param>
            <param index="1">
              <value>
                <![CDATA["Tree page functionality"]]>
              </value>
            </param>
          </params>
          <reporter-output>
          </reporter-output>
        </test-method> <!-- runScenario -->
        <test-method signature="runScenario(io.cucumber.testng.PickleWrapper,io.cucumber.testng.FeatureWrapper)[pri:0, instance:runner.testrunner@5b1ebf56]" started-at="2024-08-01T21:44:36 EDT" name="runScenario" description="Runs Cucumber Scenarios" data-provider="scenarios" finished-at="2024-08-01T21:44:51 EDT" duration-ms="14212" status="PASS">
          <params>
            <param index="0">
              <value>
                <![CDATA["user is on tree homepage"]]>
              </value>
            </param>
            <param index="1">
              <value>
                <![CDATA["Tree page functionality"]]>
              </value>
            </param>
          </params>
          <reporter-output>
          </reporter-output>
        </test-method> <!-- runScenario -->
        <test-method signature="runScenario(io.cucumber.testng.PickleWrapper,io.cucumber.testng.FeatureWrapper)[pri:0, instance:runner.testrunner@5b1ebf56]" started-at="2024-08-01T21:44:51 EDT" name="runScenario" description="Runs Cucumber Scenarios" data-provider="scenarios" finished-at="2024-08-01T21:45:05 EDT" duration-ms="14602" status="PASS">
          <params>
            <param index="0">
              <value>
                <![CDATA["user is on tree homepage"]]>
              </value>
            </param>
            <param index="1">
              <value>
                <![CDATA["Tree page functionality"]]>
              </value>
            </param>
          </params>
          <reporter-output>
          </reporter-output>
        </test-method> <!-- runScenario -->
        <test-method signature="runScenario(io.cucumber.testng.PickleWrapper,io.cucumber.testng.FeatureWrapper)[pri:0, instance:runner.testrunner@5b1ebf56]" started-at="2024-08-01T21:45:05 EDT" name="runScenario" description="Runs Cucumber Scenarios" data-provider="scenarios" finished-at="2024-08-01T21:45:19 EDT" duration-ms="14178" status="PASS">
          <params>
            <param index="0">
              <value>
                <![CDATA["user is on tree homepage"]]>
              </value>
            </param>
            <param index="1">
              <value>
                <![CDATA["Tree page functionality"]]>
              </value>
            </param>
          </params>
          <reporter-output>
          </reporter-output>
        </test-method> <!-- runScenario -->
        <test-method signature="runScenario(io.cucumber.testng.PickleWrapper,io.cucumber.testng.FeatureWrapper)[pri:0, instance:runner.testrunner@5b1ebf56]" started-at="2024-08-01T21:45:19 EDT" name="runScenario" description="Runs Cucumber Scenarios" data-provider="scenarios" finished-at="2024-08-01T21:45:34 EDT" duration-ms="14823" status="PASS">
          <params>
            <param index="0">
              <value>
                <![CDATA["user is on tree homepage"]]>
              </value>
            </param>
            <param index="1">
              <value>
                <![CDATA["Tree page functionality"]]>
              </value>
            </param>
          </params>
          <reporter-output>
          </reporter-output>
        </test-method> <!-- runScenario -->
        <test-method signature="runScenario(io.cucumber.testng.PickleWrapper,io.cucumber.testng.FeatureWrapper)[pri:0, instance:runner.testrunner@5b1ebf56]" started-at="2024-08-01T21:45:34 EDT" name="runScenario" description="Runs Cucumber Scenarios" data-provider="scenarios" finished-at="2024-08-01T21:45:45 EDT" duration-ms="11098" status="PASS">
          <params>
            <param index="0">
              <value>
                <![CDATA["user is on tree homepage"]]>
              </value>
            </param>
            <param index="1">
              <value>
                <![CDATA["Tree page functionality"]]>
              </value>
            </param>
          </params>
          <reporter-output>
          </reporter-output>
        </test-method> <!-- runScenario -->
        <test-method signature="runScenario(io.cucumber.testng.PickleWrapper,io.cucumber.testng.FeatureWrapper)[pri:0, instance:runner.testrunner@5b1ebf56]" started-at="2024-08-01T21:45:45 EDT" name="runScenario" description="Runs Cucumber Scenarios" data-provider="scenarios" finished-at="2024-08-01T21:45:56 EDT" duration-ms="10477" status="PASS">
          <params>
            <param index="0">
              <value>
                <![CDATA["user is on tree homepage"]]>
              </value>
            </param>
            <param index="1">
              <value>
                <![CDATA["Tree page functionality"]]>
              </value>
            </param>
          </params>
          <reporter-output>
          </reporter-output>
        </test-method> <!-- runScenario -->
        <test-method signature="runScenario(io.cucumber.testng.PickleWrapper,io.cucumber.testng.FeatureWrapper)[pri:0, instance:runner.testrunner@5b1ebf56]" started-at="2024-08-01T21:45:56 EDT" name="runScenario" description="Runs Cucumber Scenarios" data-provider="scenarios" finished-at="2024-08-01T21:46:10 EDT" duration-ms="13819" status="PASS">
          <params>
            <param index="0">
              <value>
                <![CDATA["user is on tree homepage"]]>
              </value>
            </param>
            <param index="1">
              <value>
                <![CDATA["Tree page functionality"]]>
              </value>
            </param>
          </params>
          <reporter-output>
          </reporter-output>
        </test-method> <!-- runScenario -->
        <test-method signature="runScenario(io.cucumber.testng.PickleWrapper,io.cucumber.testng.FeatureWrapper)[pri:0, instance:runner.testrunner@5b1ebf56]" started-at="2024-08-01T21:46:10 EDT" name="runScenario" description="Runs Cucumber Scenarios" data-provider="scenarios" finished-at="2024-08-01T21:46:25 EDT" duration-ms="15873" status="PASS">
          <params>
            <param index="0">
              <value>
                <![CDATA["user is on tree homepage"]]>
              </value>
            </param>
            <param index="1">
              <value>
                <![CDATA["Tree page functionality"]]>
              </value>
            </param>
          </params>
          <reporter-output>
          </reporter-output>
        </test-method> <!-- runScenario -->
        <test-method signature="runScenario(io.cucumber.testng.PickleWrapper,io.cucumber.testng.FeatureWrapper)[pri:0, instance:runner.testrunner@5b1ebf56]" started-at="2024-08-01T21:46:25 EDT" name="runScenario" description="Runs Cucumber Scenarios" data-provider="scenarios" finished-at="2024-08-01T21:46:38 EDT" duration-ms="12823" status="PASS">
          <params>
            <param index="0">
              <value>
                <![CDATA["user is on tree homepage"]]>
              </value>
            </param>
            <param index="1">
              <value>
                <![CDATA["Tree page functionality"]]>
              </value>
            </param>
          </params>
          <reporter-output>
          </reporter-output>
        </test-method> <!-- runScenario -->
        <test-method signature="runScenario(io.cucumber.testng.PickleWrapper,io.cucumber.testng.FeatureWrapper)[pri:0, instance:runner.testrunner@5b1ebf56]" started-at="2024-08-01T21:46:38 EDT" name="runScenario" description="Runs Cucumber Scenarios" data-provider="scenarios" finished-at="2024-08-01T21:46:53 EDT" duration-ms="14506" status="PASS">
          <params>
            <param index="0">
              <value>
                <![CDATA["user is on tree homepage"]]>
              </value>
            </param>
            <param index="1">
              <value>
                <![CDATA["Tree page functionality"]]>
              </value>
            </param>
          </params>
          <reporter-output>
          </reporter-output>
        </test-method> <!-- runScenario -->
        <test-method signature="runScenario(io.cucumber.testng.PickleWrapper,io.cucumber.testng.FeatureWrapper)[pri:0, instance:runner.testrunner@5b1ebf56]" started-at="2024-08-01T21:46:53 EDT" name="runScenario" description="Runs Cucumber Scenarios" data-provider="scenarios" finished-at="2024-08-01T21:47:01 EDT" duration-ms="7894" status="PASS">
          <params>
            <param index="0">
              <value>
                <![CDATA["user is on tree page"]]>
              </value>
            </param>
            <param index="1">
              <value>
                <![CDATA["Tree page functionality"]]>
              </value>
            </param>
          </params>
          <reporter-output>
          </reporter-output>
        </test-method> <!-- runScenario -->
        <test-method is-config="true" signature="tearDownClass()[pri:0, instance:runner.testrunner@5b1ebf56]" started-at="2024-08-01T21:47:01 EDT" name="tearDownClass" finished-at="2024-08-01T21:47:15 EDT" duration-ms="14339" status="PASS">
          <reporter-output>
          </reporter-output>
        </test-method> <!-- tearDownClass -->
      </class> <!-- runner.testrunner -->
    </test> <!-- Default test -->
  </suite> <!-- Default suite -->
</testng-results>
